c:\rupert_li_storage_folder\usaco mvs training\usaco-training\usaco-training\release\vc141.pdb
c:\rupert_li_storage_folder\usaco mvs training\usaco-training\usaco-training\release\subset.obj
c:\rupert_li_storage_folder\usaco mvs training\usaco-training\usaco-training\release\runround.obj
c:\rupert_li_storage_folder\usaco mvs training\usaco-training\usaco-training\release\lamps.obj
c:\rupert_li_storage_folder\usaco mvs training\usaco-training\usaco-training\release\money.obj
c:\rupert_li_storage_folder\usaco mvs training\usaco-training\usaco-training\release\zerosum.obj
c:\rupert_li_storage_folder\usaco mvs training\usaco-training\usaco-training\release\prefix.obj
c:\rupert_li_storage_folder\usaco mvs training\usaco-training\usaco-training\release\nocows.obj
c:\rupert_li_storage_folder\usaco mvs training\usaco-training\usaco-training\release\concom.obj
c:\rupert_li_storage_folder\usaco mvs training\usaco-training\release\usaco-training.exe
c:\rupert_li_storage_folder\usaco mvs training\usaco-training\release\usaco-training.pdb
c:\rupert_li_storage_folder\usaco mvs training\usaco-training\release\usaco-training.ipdb
c:\rupert_li_storage_folder\usaco mvs training\usaco-training\release\usaco-training.iobj
c:\rupert_li_storage_folder\usaco mvs training\usaco-training\usaco-training\release\usaco-training.tlog\cl.command.1.tlog
c:\rupert_li_storage_folder\usaco mvs training\usaco-training\usaco-training\release\usaco-training.tlog\cl.read.1.tlog
c:\rupert_li_storage_folder\usaco mvs training\usaco-training\usaco-training\release\usaco-training.tlog\cl.write.1.tlog
c:\rupert_li_storage_folder\usaco mvs training\usaco-training\usaco-training\release\usaco-training.tlog\link.command.1.tlog
c:\rupert_li_storage_folder\usaco mvs training\usaco-training\usaco-training\release\usaco-training.tlog\link.read.1.tlog
c:\rupert_li_storage_folder\usaco mvs training\usaco-training\usaco-training\release\usaco-training.tlog\link.write.1.tlog
c:\rupert_li_storage_folder\usaco mvs training\usaco-training\usaco-training\release\usaco-training.tlog\usaco-training.write.1u.tlog
